<?xml version="1.0" encoding="UTF-8"?>
<!-- Generated by org.testng.reporters.JUnitReportReporter -->
<testsuite hostname="Swapnil" failures="0" tests="1" name="Test.TestLogin" time="33.658" errors="0" timestamp="2022-07-03T15:39:05 IST" skipped="0">
  <testcase classname="Test.TestLogin" name="login" time="33.658"/>
  <system-out/>
</testsuite> <!-- Test.TestLogin -->
